QuestaSim-64 qrun 2024.3_1 Utility 2024.10 Oct 17 2024
Start time: 10:49:15 on Jul 13,2025
qrun -batch -access=rw+/. -uvmhome uvm-1.2 -timescale 1ns/1ns -mfcu design.sv testbench.sv -voptargs="+acc=npr" -do " run -all; exit" 
Creating library 'qrun.out/work'.
Mapping library 'mtiUvm' to 'qrun.out/work'.
QuestaSim-64 vlog 2024.3_1 Compiler 2024.10 Oct 17 2024
Start time: 10:49:15 on Jul 13,2025
vlog -timescale 1ns/1ns -mfcu -ccflags "-Wno-missing-declarations" -ccflags "-Wno-maybe-uninitialized" -ccflags "-Wno-return-type" -ccflags "-DQUESTA" /usr/share/questa/questasim/verilog_src/uvm-1.2/src/dpi/uvm_dpi.cc /usr/share/questa/questasim/verilog_src/uvm-1.2/src/uvm_pkg.sv /usr/share/questa/questasim/verilog_src/questa_uvm_pkg-1.2/src/questa_uvm_pkg.sv design.sv testbench.sv -work qrun.out/work "+incdir+/usr/share/questa/questasim/verilog_src/uvm-1.2/src" -statslog qrun.out/stats_log -writesessionid "+qrun.out/top_dus" -csession=incr 
-- Compiling package uvm_pkg (uvm-1.2 Built-in)
-- Compiling package questa_uvm_pkg
-- Importing package uvm_pkg (uvm-1.2 Built-in)
-- Compiling module intr_ctrlr
-- Compiling package uvm_pkg_sv_unit
-- Importing package uvm_pkg (uvm-1.2 Built-in)
-- Compiling interface intr_intf
-- Compiling module top

Top level modules:
	top
-- Compiling DPI/PLI C++ file /usr/share/questa/questasim/verilog_src/uvm-1.2/src/dpi/uvm_dpi.cc

In file included from /usr/share/questa/questasim/verilog_src/uvm-1.2/src/dpi/uvm_hdl.c:27,
                 from /usr/share/questa/questasim/verilog_src/uvm-1.2/src/dpi/uvm_dpi.cc:37:
/usr/share/questa/questasim/verilog_src/uvm-1.2/src/dpi/uvm_hdl_questa.c: In function 'int uvm_is_vhdl_path(char*)':
/usr/share/questa/questasim/verilog_src/uvm-1.2/src/dpi/uvm_hdl_questa.c:90:12: warning: 'char* strncpy(char*, const char*, size_t)' specified bound depends on the length of the source argument [-Wstringop-overflow=]
   90 |     strncpy(path_copy, path, path_len);
      |     ~~~~~~~^~~~~~~~~~~~~~~~~~~~~~~~~~~
/usr/share/questa/questasim/verilog_src/uvm-1.2/src/dpi/uvm_hdl_questa.c:72:20: note: length computed here
   72 |   path_len = strlen(path);
      |              ~~~~~~^~~~~~

End time: 10:49:19 on Jul 13,2025, Elapsed time: 0:00:04
Errors: 0, Warnings: 0
QuestaSim-64 vopt 2024.3_1 Compiler 2024.10 Oct 17 2024
** Warning: (vopt-10587) Some optimizations are turned off because the +acc switch is in effect. This will cause your simulation to run slowly. Please use -access/-debug to maintain needed visibility. The +acc switch would be deprecated in a future release.
Start time: 10:49:19 on Jul 13,2025
vopt -access=rw+/. -timescale 1ns/1ns -mfcu "+acc=npr" -findtoplevels qrun.out/work+1+ -work qrun.out/work -statslog qrun.out/stats_log -csession=incr -o qrun_opt -csessionid=2 

Top level modules:
	top

Analyzing design...
-- Loading module top
-- Loading package questa_uvm_pkg
-- Loading interface intr_intf
-- Loading module intr_ctrlr
Optimizing 7 design-units (inlining 0/3 module instances):
-- Optimizing package uvm_pkg (uvm-1.2 Built-in)(fast)
-- Optimizing package questa_uvm_pkg(fast)
-- Optimizing package uvm_pkg_sv_unit(fast)
** Warning: intr_mon.sv(9): (vopt-2240) Treating stand-alone use of function 'read_by_name' as an implicit VOID cast.
** Warning: intr_drv.sv(7): (vopt-2240) Treating stand-alone use of function 'read_by_name' as an implicit VOID cast.
** Warning: mem_drv.sv(7): (vopt-2240) Treating stand-alone use of function 'read_by_name' as an implicit VOID cast.
-- Optimizing interface intr_intf(fast__2)
-- Optimizing module intr_ctrlr(fast)
-- Optimizing module top(fast)
-- Optimizing interface intr_intf(fast)
Optimized design name is qrun_opt
End time: 10:49:26 on Jul 13,2025, Elapsed time: 0:00:07
Errors: 0, Warnings: 4
# vsim -batch -lib qrun.out/work -do " run -all; exit" -statslog qrun.out/stats_log qrun_opt -appendlog -l qrun.log 
# Start time: 10:49:26 on Jul 13,2025
# Loading /tmp/unknown@4e03bbde8ab2_dpi_51/linux_x86_64_gcc-10.3.0/export_tramp.so
# //  Questa Sim-64
# //  Version 2024.3_1 linux_x86_64 Oct 17 2024
# //
# // Unpublished work. Copyright 2024 Siemens
# //
# // This material contains trade secrets or otherwise confidential information
# // owned by Siemens Industry Software Inc. or its affiliates (collectively,
# // "SISW"), or its licensors. Access to and use of this information is strictly
# // limited as set forth in the Customer's applicable agreements with SISW.
# //
# // This material may not be copied, distributed, or otherwise disclosed outside
# // of the Customer's facilities without the express written permission of SISW,
# // and may not be used in any way not expressly authorized by SISW.
# //
# Loading sv_std.std
# Loading work.intr_intf(fast)
# Loading work.uvm_pkg(fast)
# Loading work.uvm_pkg_sv_unit(fast)
# Loading work.questa_uvm_pkg(fast)
# Loading work.top(fast)
# Loading work.intr_intf(fast__2)
# Loading work.intr_ctrlr(fast)
# Compiling /tmp/unknown@4e03bbde8ab2_dpi_51/linux_x86_64_gcc-10.3.0/exportwrapper.c
# Loading /tmp/unknown@4e03bbde8ab2_dpi_51/linux_x86_64_gcc-10.3.0/vsim_auto_compile.so
# 
# run -all
# UVM_INFO /usr/share/questa/questasim/verilog_src/uvm-1.2/src/base/uvm_root.svh(392) @ 0: reporter [UVM/RELNOTES] 
# ----------------------------------------------------------------
# UVM-1.2
# (C) 2007-2014 Mentor Graphics Corporation
# (C) 2007-2014 Cadence Design Systems, Inc.
# (C) 2006-2014 Synopsys, Inc.
# (C) 2011-2013 Cypress Semiconductor Corp.
# (C) 2013-2014 NVIDIA Corporation
# ----------------------------------------------------------------
# 
#   ***********       IMPORTANT RELEASE NOTES         ************
# 
#   You are using a version of the UVM library that has been compiled
#   with `UVM_NO_DEPRECATED undefined.
#   See http://www.eda.org/svdb/view.php?id=3313 for more details.
# 
#   You are using a version of the UVM library that has been compiled
#   with `UVM_OBJECT_DO_NOT_NEED_CONSTRUCTOR undefined.
#   See http://www.eda.org/svdb/view.php?id=3770 for more details.
# 
#       (Specify +UVM_NO_RELNOTES to turn off this notice)
# 
# UVM_INFO /usr/share/questa/questasim/verilog_src/questa_uvm_pkg-1.2/src/questa_uvm_pkg.sv(277) @ 0: reporter [Questa UVM] QUESTA_UVM-1.2.3
# UVM_INFO /usr/share/questa/questasim/verilog_src/questa_uvm_pkg-1.2/src/questa_uvm_pkg.sv(278) @ 0: reporter [Questa UVM]  questa_uvm::init(+struct)
# UVM_INFO @ 0: reporter [RNTST] Running test incr_wr_test_incr...
# UVM_INFO /usr/share/questa/questasim/verilog_src/uvm-1.2/src/base/uvm_objection.svh(1270) @ 9425: reporter [TEST_DONE] 'run' phase is ready to proceed to the 'extract' phase
# UVM_INFO intr_cov.sv(45) @ 9425: uvm_test_top.env.cov [COVERAGE] Coverage=100.000
# Bin hits = 100
# Bin hits = 100
# Bin hits = 100
# Bin hits = 100
# Bin hits = 100
# UVM_INFO intr_sbd.sv(64) @ 9425: uvm_test_top.env.sbd [MATCHES] Match=         26,Mismatch=          0
# UVM_INFO /usr/share/questa/questasim/verilog_src/uvm-1.2/src/base/uvm_report_server.svh(847) @ 9425: reporter [UVM/REPORT/SERVER] 
# --- UVM Report Summary ---
# 
# ** Report counts by severity
# UVM_INFO :    7
# UVM_WARNING :    0
# UVM_ERROR :    0
# UVM_FATAL :    0
# ** Report counts by id
# [COVERAGE]     1
# [MATCHES]     1
# [Questa UVM]     2
# [RNTST]     1
# [TEST_DONE]     1
# [UVM/RELNOTES]     1
# 
# ** Note: $finish    : /usr/share/questa/questasim/verilog_src/uvm-1.2/src/base/uvm_root.svh(517)
#    Time: 9425 ns  Iteration: 67  Instance: /top
# End time: 10:49:29 on Jul 13,2025, Elapsed time: 0:00:03
# Errors: 0, Warnings: 0
End time: 10:49:29 on Jul 13,2025, Elapsed time: 0:00:14
*** Summary *********************************************
    qrun: Errors:   0, Warnings:   0
    vlog: Errors:   0, Warnings:   0
    vopt: Errors:   0, Warnings:   4
    vsim: Errors:   0, Warnings:   0
  Totals: Errors:   0, Warnings:   4
